#
# A fatal error has been detected by the Java Runtime Environment:
#
#  SIGSEGV (0xb) at pc=0x00007fb4ec004688, pid=30828, tid=0x00007fb8178f8700
#
# JRE version: OpenJDK Runtime Environment (8.0_232-b09) (build 1.8.0_232-b09)
# Java VM: OpenJDK 64-Bit Server VM (25.232-b09 mixed mode linux-amd64 compressed oops)
# Problematic frame:
# C  0x00007fb4ec004688
#
# Failed to write core dump. Core dumps have been disabled. To enable core dumping, try "ulimit -c unlimited" before starting Java again
#
# If you would like to submit a bug report, please visit:
#   http://bugreport.java.com/bugreport/crash.jsp
# The crash happened outside the Java Virtual Machine in native code.
# See problematic frame for where to report the bug.
#

---------------  T H R E A D  ---------------

Current thread (0x00007fb54c00c000):  JavaThread "XGBoostUpdater-XGBoost_1_AutoML_20200123_194330_cv_1" daemon [_thread_in_native, id=31318, stack(0x00007fb8177f8000,0x00007fb8178f9000)]

siginfo: si_signo: 11 (SIGSEGV), si_code: 2 (SEGV_ACCERR), si_addr: 0x00007fb4ec004688

Registers:
RAX=0x00007fb4ec004100, RBX=0x00007fb54c000f90, RCX=0x00007fb3439d74d0, RDX=0x00007fb4ec0040c0
RSP=0x00007fb8178f4b28, RBP=0x000000000014086b, RSI=0x0000000000000001